Mplus VERSION 8.6 (Mac)
MUTHEN & MUTHEN
02/03/2023   3:23 PM

INPUT INSTRUCTIONS

  TITLE:
  Explore descriptives with TYPE = BASIC
  DATA:
  FILE = "/Users/agarber/github/quick-lca-mplusautomation/mplus_basic/basic.dat";

  VARIABLE:
  NAMES = leaid ncessch report_dis report_race report_sex counselors_fte psych_fte
       law_fte;
   MISSING=.;
   usevar = report_dis report_race report_sex counselors_fte psych_fte law_fte;
    categorical = report_dis report_race report_sex counselors_fte psych_fte law_fte;
  ANALYSIS:
  type = basic;



*** WARNING in VARIABLE command
  Note that only the first 8 characters of variable names are used in the output.
  Shorten variable names to avoid any confusion.
   1 WARNING(S) FOUND IN THE INPUT INSTRUCTIONS




Explore descriptives with TYPE = BASIC

SUMMARY OF ANALYSIS

Number of groups                                                 1
Number of observations                                        2027

Number of dependent variables                                    6
Number of independent variables                                  0
Number of continuous latent variables                            0

Observed dependent variables

  Binary and ordered categorical (ordinal)
   REPORT_D    REPORT_R    REPORT_S    COUNSELO    PSYCH_FT    LAW_FTE


Estimator                                                    WLSMV
Maximum number of iterations                                  1000
Convergence criterion                                    0.500D-04
Maximum number of steepest descent iterations                   20
Maximum number of iterations for H1                           2000
Convergence criterion for H1                             0.100D-03
Parameterization                                             DELTA
Link                                                        PROBIT

Input data file(s)
  /Users/agarber/github/quick-lca-mplusautomation/mplus_basic/basic.dat

Input data format  FREE


SUMMARY OF DATA

     Number of missing data patterns             4


SUMMARY OF MISSING DATA PATTERNS


     MISSING DATA PATTERNS (x = not missing)

           1  2  3  4
 REPORT_D  x  x  x
 REPORT_R  x  x  x
 REPORT_S  x  x  x
 COUNSELO  x  x     x
 PSYCH_FT  x        x
 LAW_FTE   x  x     x


     MISSING DATA PATTERN FREQUENCIES

    Pattern   Frequency     Pattern   Frequency     Pattern   Frequency
          1        1970           3          27
          2           3           4          27


COVARIANCE COVERAGE OF DATA

Minimum covariance coverage value   0.100


     PROPORTION OF DATA PRESENT


           Covariance Coverage
              REPORT_D      REPORT_R      REPORT_S      COUNSELO      PSYCH_FT
              ________      ________      ________      ________      ________
 REPORT_D       0.987
 REPORT_R       0.987         0.987
 REPORT_S       0.987         0.987         0.987
 COUNSELO       0.973         0.973         0.973         0.987
 PSYCH_FT       0.972         0.972         0.972         0.985         0.985
 LAW_FTE        0.973         0.973         0.973         0.987         0.985


           Covariance Coverage
              LAW_FTE
              ________
 LAW_FTE        0.987


UNIVARIATE PROPORTIONS AND COUNTS FOR CATEGORICAL VARIABLES

    REPORT_D
      Category 1    0.958         1915.000
      Category 2    0.043           85.000
    REPORT_R
      Category 1    0.897         1794.000
      Category 2    0.103          206.000
    REPORT_S
      Category 1    0.830         1660.000
      Category 2    0.170          340.000
    COUNSELO
      Category 1    0.540         1081.000
      Category 2    0.460          919.000
    PSYCH_FT
      Category 1    0.526         1050.000
      Category 2    0.474          947.000
    LAW_FTE
      Category 1    0.875         1749.000
      Category 2    0.126          251.000





RESULTS FOR BASIC ANALYSIS


     ESTIMATED SAMPLE STATISTICS


           MEANS/INTERCEPTS/THRESHOLDS
              REPORT_D      REPORT_R      REPORT_S      COUNSELO      PSYCH_FT
              ________      ________      ________      ________      ________
                1.722         1.265         0.954         0.102         0.065


           MEANS/INTERCEPTS/THRESHOLDS
              LAW_FTE$
              ________
                1.148


           CORRELATION MATRIX (WITH VARIANCES ON THE DIAGONAL)
              REPORT_D      REPORT_R      REPORT_S      COUNSELO      PSYCH_FT
              ________      ________      ________      ________      ________
 REPORT_D
 REPORT_R       0.698
 REPORT_S       0.467         0.648
 COUNSELO       0.151         0.051         0.230
 PSYCH_FT       0.240         0.231         0.319         0.210
 LAW_FTE        0.240         0.248         0.301         0.389         0.363


           CORRELATION MATRIX (WITH VARIANCES ON THE DIAGONAL)
              LAW_FTE
              ________


     STANDARD ERRORS FOR ESTIMATED SAMPLE STATISTICS


           S.E. FOR MEANS/INTERCEPTS/THRESHOLDS
              REPORT_D      REPORT_R      REPORT_S      COUNSELO      PSYCH_FT
              ________      ________      ________      ________      ________
                0.050         0.038         0.033         0.028         0.028


           S.E. FOR MEANS/INTERCEPTS/THRESHOLDS
              LAW_FTE$
              ________
                0.036


           S.E. FOR CORRELATION MATRIX (WITH VARIANCES ON THE DIAGONAL)
              REPORT_D      REPORT_R      REPORT_S      COUNSELO      PSYCH_FT
              ________      ________      ________      ________      ________
 REPORT_D
 REPORT_R       0.042
 REPORT_S       0.055         0.034
 COUNSELO       0.062         0.047         0.040
 PSYCH_FT       0.061         0.046         0.039         0.034
 LAW_FTE        0.069         0.054         0.047         0.040         0.041


           S.E. FOR CORRELATION MATRIX (WITH VARIANCES ON THE DIAGONAL)
              LAW_FTE
              ________


     Beginning Time:  15:23:26
        Ending Time:  15:23:26
       Elapsed Time:  00:00:00



MUTHEN & MUTHEN
3463 Stoner Ave.
Los Angeles, CA  90066

Tel: (310) 391-9971
Fax: (310) 391-8971
Web: www.StatModel.com
Support: Support@StatModel.com

Copyright (c) 1998-2021 Muthen & Muthen
