Mplus VERSION 8.6 (Mac)
MUTHEN & MUTHEN
02/03/2023   3:18 PM

INPUT INSTRUCTIONS

  TITLE:
  Class 2 LCA
  DATA:
  FILE = "/Users/agarber/github/quick-lca-mplusautomation/mplus_lca/lca.dat";

  VARIABLE:
  NAMES = leaid ncessch report_dis report_race report_sex counselors_fte psych_fte
       law_fte;
   MISSING=.;
   categorical = report_dis report_race report_sex counselors_fte psych_fte law_fte;
  usevar = report_dis report_race report_sex counselors_fte psych_fte law_fte;
  classes = c(2);
  ANALYSIS:
  estimator = mlr;
      type = mixture;
      starts = 1000 200;
      processors = 10;
  OUTPUT:
  tech11 tech14;
  PLOT:
  type = plot3;
       series = report_dis report_race report_sex counselors_fte psych_fte law_fte(*);



*** WARNING in VARIABLE command
  Note that only the first 8 characters of variable names are used in the output.
  Shorten variable names to avoid any confusion.
*** WARNING in PLOT command
  Note that only the first 8 characters of variable names are used in plots.
  If variable names are not unique within the first 8 characters, problems
  may occur.
   2 WARNING(S) FOUND IN THE INPUT INSTRUCTIONS




Class 2 LCA

SUMMARY OF ANALYSIS

Number of groups                                                 1
Number of observations                                        2027

Number of dependent variables                                    6
Number of independent variables                                  0
Number of continuous latent variables                            0
Number of categorical latent variables                           1

Observed dependent variables

  Binary and ordered categorical (ordinal)
   REPORT_D    REPORT_R    REPORT_S    COUNSELO    PSYCH_FT    LAW_FTE

Categorical latent variables
   C


Estimator                                                      MLR
Information matrix                                        OBSERVED
Optimization Specifications for the Quasi-Newton Algorithm for
Continuous Outcomes
  Maximum number of iterations                                 100
  Convergence criterion                                  0.100D-05
Optimization Specifications for the EM Algorithm
  Maximum number of iterations                                 500
  Convergence criteria
    Loglikelihood change                                 0.100D-06
    Relative loglikelihood change                        0.100D-06
    Derivative                                           0.100D-05
Optimization Specifications for the M step of the EM Algorithm for
Categorical Latent variables
  Number of M step iterations                                    1
  M step convergence criterion                           0.100D-05
  Basis for M step termination                           ITERATION
Optimization Specifications for the M step of the EM Algorithm for
Censored, Binary or Ordered Categorical (Ordinal), Unordered
Categorical (Nominal) and Count Outcomes
  Number of M step iterations                                    1
  M step convergence criterion                           0.100D-05
  Basis for M step termination                           ITERATION
  Maximum value for logit thresholds                            15
  Minimum value for logit thresholds                           -15
  Minimum expected cell size for chi-square              0.100D-01
Maximum number of iterations for H1                           2000
Convergence criterion for H1                             0.100D-03
Optimization algorithm                                         EMA
Random Starts Specifications
  Number of initial stage random starts                       1000
  Number of final stage optimizations                          200
  Number of initial stage iterations                            10
  Initial stage convergence criterion                    0.100D+01
  Random starts scale                                    0.500D+01
  Random seed for generating random starts                       0
Link                                                         LOGIT

Input data file(s)
  /Users/agarber/github/quick-lca-mplusautomation/mplus_lca/lca.dat
Input data format  FREE


SUMMARY OF DATA

     Number of missing data patterns             4
     Number of y missing data patterns           0
     Number of u missing data patterns           4


COVARIANCE COVERAGE OF DATA

Minimum covariance coverage value   0.100


     PROPORTION OF DATA PRESENT FOR U


           Covariance Coverage
              REPORT_D      REPORT_R      REPORT_S      COUNSELO      PSYCH_FT
              ________      ________      ________      ________      ________
 REPORT_D       0.987
 REPORT_R       0.987         0.987
 REPORT_S       0.987         0.987         0.987
 COUNSELO       0.973         0.973         0.973         0.987
 PSYCH_FT       0.972         0.972         0.972         0.985         0.985
 LAW_FTE        0.973         0.973         0.973         0.987         0.985


           Covariance Coverage
              LAW_FTE
              ________
 LAW_FTE        0.987


UNIVARIATE PROPORTIONS AND COUNTS FOR CATEGORICAL VARIABLES

    REPORT_D
      Category 1    0.958         1915.000
      Category 2    0.043           85.000
    REPORT_R
      Category 1    0.897         1794.000
      Category 2    0.103          206.000
    REPORT_S
      Category 1    0.830         1660.000
      Category 2    0.170          340.000
    COUNSELO
      Category 1    0.540         1081.000
      Category 2    0.460          919.000
    PSYCH_FT
      Category 1    0.526         1050.000
      Category 2    0.474          947.000
    LAW_FTE
      Category 1    0.875         1749.000
      Category 2    0.126          251.000


RANDOM STARTS RESULTS RANKED FROM THE BEST TO THE WORST LOGLIKELIHOOD VALUES

Final stage loglikelihood values at local maxima, seeds, and initial stage start numbers:

           -5194.136  802928           892
           -5194.136  121425           511
           -5194.136  494209           904
           -5194.136  535063           329
           -5194.136  348637           749
           -5194.136  437181           135
           -5194.136  769907           457
           -5194.136  804561           59
           -5194.136  204959           695
           -5194.136  93468            3
           -5194.136  590834           785
           -5194.136  415502           194
           -5194.136  614535           449
           -5194.136  580405           286
           -5194.136  737601           891
           -5194.136  933578           506
           -5194.136  521770           945
           -5194.136  23012            352
           -5194.136  705224           953
           -5194.136  328661           813
           -5194.136  100874           108
           -5194.136  741484           441
           -5194.136  527050           948
           -5194.136  614009           317
           -5194.136  921023           782
           -5194.136  637095           207
           -5194.136  342019           301
           -5194.136  63231            935
           -5194.136  766903           505
           -5194.136  781489           627
           -5194.136  628143           854
           -5194.136  824956           607
           -5194.136  822698           621
           -5194.136  92689            304
           -5194.136  568405           233
           -5194.136  391949           295
           -5194.136  354624           448
           -5194.136  78862            529
           -5194.136  835767           210
           -5194.136  267983           228
           -5194.136  539389           544
           -5194.136  471040           403
           -5194.136  268217           83
           -5194.136  760599           832
           -5194.136  887676           22
           -5194.136  539751           459
           -5194.136  471398           74
           -5194.136  484687           306
           -5194.136  462953           7
           -5194.136  951709           348
           -5194.136  941975           816
           -5194.136  751054           117
           -5194.136  214681           824
           -5194.136  200041           810
           -5194.136  313306           612
           -5194.136  587946           120
           -5194.136  691041           590
           -5194.136  153394           429
           -5194.136  741888           138
           -5194.136  735928           916
           -5194.136  574412           679
           -5194.136  670281           721
           -5194.136  175199           247
           -5194.136  496703           758
           -5194.136  216565           474
           -5194.136  922042           492
           -5194.136  265218           924
           -5194.136  192191           629
           -5194.136  988761           475
           -5194.136  118438           601
           -5194.136  761302           744
           -5194.136  784664           75
           -5194.136  340112           126
           -5194.136  420910           928
           -5194.136  970689           266
           -5194.136  458181           189
           -5194.136  674171           195
           -5194.136  39136            226
           -5194.136  284384           600
           -5194.136  650371           14
           -5194.136  279850           555
           -5194.136  130011           587
           -5194.136  260953           589
           -5194.136  923437           398
           -5194.136  850112           922
           -5194.136  724087           925
           -5194.136  370481           742
           -5194.136  848163           47
           -5194.136  105656           909
           -5194.136  343926           624
           -5194.136  655497           376
           -5194.136  645664           39
           -5194.136  341519           653
           -5194.136  209031           632
           -5194.136  259507           53
           -5194.136  373702           669
           -5194.136  464179           106
           -5194.136  68850            462
           -5194.136  875667           367
           -5194.136  166851           638
           -5194.136  595153           230
           -5194.136  178181           753
           -5194.136  395754           388
           -5194.136  3607             873
           -5194.136  884242           957
           -5194.136  972873           157
           -5194.136  789985           67
           -5194.136  157351           579
           -5194.136  533738           11
           -5194.136  663090           906
           -5194.136  848890           95
           -5194.136  451258           848
           -5194.136  217130           443
           -5194.136  72344            897
           -5194.136  317640           437
           -5194.136  21345            199
           -5194.136  941525           609
           -5194.136  588699           828
           -5194.136  931874           141
           -5194.136  251641           784
           -5194.136  443917           60
           -5194.136  478341           731
           -5194.136  195763           358
           -5194.136  650354           577
           -5194.136  602032           648
           -5194.136  538872           949
           -5194.136  354395           486
           -5194.136  853781           716
           -5194.136  544009           842
           -5194.136  331681           549
           -5194.136  185071           370
           -5194.136  130541           896
           -5194.136  535804           111
           -5194.136  926283           269
           -5194.136  514326           325
           -5194.136  232226           235
           -5194.136  945065           255
           -5194.136  545140           278
           -5194.136  506886           576
           -5194.136  231281           542
           -5194.136  700270           855
           -5194.136  119513           821
           -5194.136  411615           171
           -5194.136  371737           532
           -5194.136  671390           814
           -5194.136  11397            944
           -5194.136  913639           162
           -5194.136  608849           224
           -5194.136  922596           456
           -5194.136  506113           895
           -5194.136  863691           481
           -5194.136  604861           800
           -5194.136  966499           963
           -5194.136  399508           415
           -5194.136  76451            211
           -5194.136  546943           865
           -5194.136  830570           369
           -5194.136  268896           124
           -5194.136  220454           288
           -5194.136  194143           510
           -5194.136  816435           914
           -5194.136  341960           685
           -5194.136  638577           769
           -5194.136  127215           9
           -5194.136  156536           245
           -5194.136  467339           66
           -5194.136  940533           764
           -5194.136  349562           359
           -5194.136  551340           766
           -5194.136  213532           503
           -5194.136  782179           835
           -5194.136  81117            305

28 perturbed starting value run(s) did not converge or were rejected in the third stage.



THE BEST LOGLIKELIHOOD VALUE HAS BEEN REPLICATED.  RERUN WITH AT LEAST TWICE THE
RANDOM STARTS TO CHECK THAT THE BEST LOGLIKELIHOOD IS STILL OBTAINED AND REPLICATED.


THE MODEL ESTIMATION TERMINATED NORMALLY



MODEL FIT INFORMATION

Number of Free Parameters                       13

Loglikelihood

          H0 Value                       -5194.136
          H0 Scaling Correction Factor      1.1208
            for MLR

Information Criteria

          Akaike (AIC)                   10414.272
          Bayesian (BIC)                 10487.258
          Sample-Size Adjusted BIC       10445.956
            (n* = (n + 2) / 24)

Chi-Square Test of Model Fit for the Binary and Ordered Categorical
(Ordinal) Outcomes

          Pearson Chi-Square

          Value                            224.520
          Degrees of Freedom                    50
          P-Value                           0.0000

          Likelihood Ratio Chi-Square

          Value                            219.073
          Degrees of Freedom                    50
          P-Value                           0.0000

Chi-Square Test for MCAR under the Unrestricted Latent Class Indicator Model

          Pearson Chi-Square

          Value                             42.095
          Degrees of Freedom                    45
          P-Value                           0.5958

          Likelihood Ratio Chi-Square

          Value                             57.954
          Degrees of Freedom                    45
          P-Value                           0.0931



FINAL CLASS COUNTS AND PROPORTIONS FOR THE LATENT CLASSES
BASED ON THE ESTIMATED MODEL

    Latent
   Classes

       1        443.66512          0.21888
       2       1583.33488          0.78112


FINAL CLASS COUNTS AND PROPORTIONS FOR THE LATENT CLASSES
BASED ON ESTIMATED POSTERIOR PROBABILITIES

    Latent
   Classes

       1        443.66512          0.21888
       2       1583.33488          0.78112


FINAL CLASS COUNTS AND PROPORTIONS FOR THE LATENT CLASSES
BASED ON THEIR MOST LIKELY LATENT CLASS MEMBERSHIP

Class Counts and Proportions

    Latent
   Classes

       1              391          0.19290
       2             1636          0.80710


CLASSIFICATION QUALITY

     Entropy                         0.659


Average Latent Class Probabilities for Most Likely Latent Class Membership (Row)
by Latent Class (Column)

           1        2

    1   0.834    0.166
    2   0.072    0.928


Classification Probabilities for the Most Likely Latent Class Membership (Column)
by Latent Class (Row)

           1        2

    1   0.735    0.265
    2   0.041    0.959


Logits for the Classification Probabilities for the Most Likely Latent Class Membership (Column)
by Latent Class (Row)

              1        2

    1      1.018    0.000
    2     -3.150    0.000


MODEL RESULTS

                                                    Two-Tailed
                    Estimate       S.E.  Est./S.E.    P-Value

Latent Class 1

 Thresholds
    REPORT_D$1         1.553      0.233      6.671      0.000
    REPORT_R$1         0.414      0.268      1.547      0.122
    REPORT_S$1        -0.476      0.330     -1.442      0.149
    COUNSELO$1        -0.627      0.144     -4.354      0.000
    PSYCH_FT$1        -1.009      0.152     -6.629      0.000
    LAW_FTE$1          0.879      0.157      5.603      0.000

Latent Class 2

 Thresholds
    REPORT_D$1         5.266      0.620      8.493      0.000
    REPORT_R$1         3.912      0.346     11.314      0.000
    REPORT_S$1         3.087      0.289     10.668      0.000
    COUNSELO$1         0.385      0.082      4.699      0.000
    PSYCH_FT$1         0.403      0.089      4.539      0.000
    LAW_FTE$1          2.472      0.212     11.682      0.000

Categorical Latent Variables

 Means
    C#1               -1.272      0.227     -5.605      0.000


QUALITY OF NUMERICAL RESULTS

     Condition Number for the Information Matrix              0.687E-02
       (ratio of smallest to largest eigenvalue)


RESULTS IN PROBABILITY SCALE

                                                    Two-Tailed
                    Estimate       S.E.  Est./S.E.    P-Value

Latent Class 1

 REPORT_DIS
    Category 1         0.825      0.034     24.597      0.000
    Category 2         0.175      0.034      5.203      0.000
 REPORT_RAC
    Category 1         0.602      0.064      9.385      0.000
    Category 2         0.398      0.064      6.201      0.000
 REPORT_SEX
    Category 1         0.383      0.078      4.918      0.000
    Category 2         0.617      0.078      7.912      0.000
 COUNSELORS
    Category 1         0.348      0.033     10.644      0.000
    Category 2         0.652      0.033     19.935      0.000
 PSYCH_FTE
    Category 1         0.267      0.030      8.964      0.000
    Category 2         0.733      0.030     24.590      0.000
 LAW_FTE
    Category 1         0.707      0.033     21.724      0.000
    Category 2         0.293      0.033      9.018      0.000

Latent Class 2

 REPORT_DIS
    Category 1         0.995      0.003    313.806      0.000
    Category 2         0.005      0.003      1.621      0.105
 REPORT_RAC
    Category 1         0.980      0.007    147.534      0.000
    Category 2         0.020      0.007      2.950      0.003
 REPORT_SEX
    Category 1         0.956      0.012     79.167      0.000
    Category 2         0.044      0.012      3.614      0.000
 COUNSELORS
    Category 1         0.595      0.020     30.132      0.000
    Category 2         0.405      0.020     20.500      0.000
 PSYCH_FTE
    Category 1         0.599      0.021     28.138      0.000
    Category 2         0.401      0.021     18.813      0.000
 LAW_FTE
    Category 1         0.922      0.015     60.702      0.000
    Category 2         0.078      0.015      5.125      0.000


LATENT CLASS INDICATOR ODDS RATIOS FOR THE LATENT CLASSES

                                                95% C.I.
                    Estimate       S.E.  Lower 2.5% Upper 2.5%

Latent Class 1 Compared to Latent Class 2

 REPORT_D
    Category > 1      40.941     25.186     12.260    136.716
 REPORT_R
    Category > 1      33.048     12.037     16.184     67.482
 REPORT_S
    Category > 1      35.248     11.580     18.514     67.111
 COUNSELO
    Category > 1       2.753      0.523      1.897      3.995
 PSYCH_FT
    Category > 1       4.103      0.765      2.847      5.912
 LAW_FTE
    Category > 1       4.917      1.534      2.668      9.061


TECHNICAL 11 OUTPUT

     Random Starts Specifications for the k-1 Class Analysis Model
        Number of initial stage random starts                1000
        Number of final stage optimizations                   200



     VUONG-LO-MENDELL-RUBIN LIKELIHOOD RATIO TEST FOR 1 (H0) VERSUS 2 CLASSES

          H0 Loglikelihood Value                        -5443.409
          2 Times the Loglikelihood Difference            498.546
          Difference in the Number of Parameters                7
          Mean                                             13.822
          Standard Deviation                               13.633
          P-Value                                          0.0000

     LO-MENDELL-RUBIN ADJUSTED LRT TEST

          Value                                           489.365
          P-Value                                          0.0000


TECHNICAL 14 OUTPUT

     Random Starts Specifications for the k-1 Class Analysis Model
        Number of initial stage random starts                1000
        Number of final stage optimizations                   200

     Random Starts Specification for the k-1 Class Model for Generated Data
        Number of initial stage random starts                   0
        Number of final stage optimizations for the
           initial stage random starts                          0
     Random Starts Specification for the k Class Model for Generated Data
        Number of initial stage random starts                  40
        Number of final stage optimizations                     8
     Number of bootstrap draws requested                   Varies


     PARAMETRIC BOOTSTRAPPED LIKELIHOOD RATIO TEST FOR 1 (H0) VERSUS 2 CLASSES

          H0 Loglikelihood Value                        -5443.409
          2 Times the Loglikelihood Difference            498.546
          Difference in the Number of Parameters                7
          Approximate P-Value                              0.0000
          Successful Bootstrap Draws                            5

     WARNING:  OF THE 5 BOOTSTRAP DRAWS, 4 DRAWS HAD BOTH A SMALLER LRT VALUE THAN THE
     OBSERVED LRT VALUE AND NOT A REPLICATED BEST LOGLIKELIHOOD VALUE FOR THE 2-CLASS MODEL.
     THIS MEANS THAT THE P-VALUE MAY NOT BE TRUSTWORTHY DUE TO LOCAL MAXIMA.
     INCREASE THE NUMBER OF RANDOM STARTS USING THE LRTSTARTS OPTION.



PLOT INFORMATION

The following plots are available:

  Histograms (sample values)
  Scatterplots (sample values)
  Sample proportions and estimated probabilities

     Beginning Time:  15:18:36
        Ending Time:  15:18:37
       Elapsed Time:  00:00:01



MUTHEN & MUTHEN
3463 Stoner Ave.
Los Angeles, CA  90066

Tel: (310) 391-9971
Fax: (310) 391-8971
Web: www.StatModel.com
Support: Support@StatModel.com

Copyright (c) 1998-2021 Muthen & Muthen
