Mplus VERSION 8.6 (Mac)
MUTHEN & MUTHEN
02/03/2023   3:18 PM

INPUT INSTRUCTIONS

  TITLE:
  Class 7 LCA
  DATA:
  FILE = "/Users/agarber/github/quick-lca-mplusautomation/mplus_lca/lca.dat";

  VARIABLE:
  NAMES = leaid ncessch report_dis report_race report_sex counselors_fte psych_fte
       law_fte;
   MISSING=.;
   categorical = report_dis report_race report_sex counselors_fte psych_fte law_fte;
  usevar = report_dis report_race report_sex counselors_fte psych_fte law_fte;
  classes = c(7);
  ANALYSIS:
  estimator = mlr;
      type = mixture;
      starts = 1000 200;
      processors = 10;
  OUTPUT:
  tech11 tech14;
  PLOT:
  type = plot3;
       series = report_dis report_race report_sex counselors_fte psych_fte law_fte(*);



*** WARNING in VARIABLE command
  Note that only the first 8 characters of variable names are used in the output.
  Shorten variable names to avoid any confusion.
*** WARNING in PLOT command
  Note that only the first 8 characters of variable names are used in plots.
  If variable names are not unique within the first 8 characters, problems
  may occur.
   2 WARNING(S) FOUND IN THE INPUT INSTRUCTIONS




Class 7 LCA

SUMMARY OF ANALYSIS

Number of groups                                                 1
Number of observations                                        2027

Number of dependent variables                                    6
Number of independent variables                                  0
Number of continuous latent variables                            0
Number of categorical latent variables                           1

Observed dependent variables

  Binary and ordered categorical (ordinal)
   REPORT_D    REPORT_R    REPORT_S    COUNSELO    PSYCH_FT    LAW_FTE

Categorical latent variables
   C


Estimator                                                      MLR
Information matrix                                        OBSERVED
Optimization Specifications for the Quasi-Newton Algorithm for
Continuous Outcomes
  Maximum number of iterations                                 100
  Convergence criterion                                  0.100D-05
Optimization Specifications for the EM Algorithm
  Maximum number of iterations                                 500
  Convergence criteria
    Loglikelihood change                                 0.100D-06
    Relative loglikelihood change                        0.100D-06
    Derivative                                           0.100D-05
Optimization Specifications for the M step of the EM Algorithm for
Categorical Latent variables
  Number of M step iterations                                    1
  M step convergence criterion                           0.100D-05
  Basis for M step termination                           ITERATION
Optimization Specifications for the M step of the EM Algorithm for
Censored, Binary or Ordered Categorical (Ordinal), Unordered
Categorical (Nominal) and Count Outcomes
  Number of M step iterations                                    1
  M step convergence criterion                           0.100D-05
  Basis for M step termination                           ITERATION
  Maximum value for logit thresholds                            15
  Minimum value for logit thresholds                           -15
  Minimum expected cell size for chi-square              0.100D-01
Maximum number of iterations for H1                           2000
Convergence criterion for H1                             0.100D-03
Optimization algorithm                                         EMA
Random Starts Specifications
  Number of initial stage random starts                       1000
  Number of final stage optimizations                          200
  Number of initial stage iterations                            10
  Initial stage convergence criterion                    0.100D+01
  Random starts scale                                    0.500D+01
  Random seed for generating random starts                       0
Link                                                         LOGIT

Input data file(s)
  /Users/agarber/github/quick-lca-mplusautomation/mplus_lca/lca.dat
Input data format  FREE


SUMMARY OF DATA

     Number of missing data patterns             4
     Number of y missing data patterns           0
     Number of u missing data patterns           4


COVARIANCE COVERAGE OF DATA

Minimum covariance coverage value   0.100


     PROPORTION OF DATA PRESENT FOR U


           Covariance Coverage
              REPORT_D      REPORT_R      REPORT_S      COUNSELO      PSYCH_FT
              ________      ________      ________      ________      ________
 REPORT_D       0.987
 REPORT_R       0.987         0.987
 REPORT_S       0.987         0.987         0.987
 COUNSELO       0.973         0.973         0.973         0.987
 PSYCH_FT       0.972         0.972         0.972         0.985         0.985
 LAW_FTE        0.973         0.973         0.973         0.987         0.985


           Covariance Coverage
              LAW_FTE
              ________
 LAW_FTE        0.987


UNIVARIATE PROPORTIONS AND COUNTS FOR CATEGORICAL VARIABLES

    REPORT_D
      Category 1    0.958         1915.000
      Category 2    0.043           85.000
    REPORT_R
      Category 1    0.897         1794.000
      Category 2    0.103          206.000
    REPORT_S
      Category 1    0.830         1660.000
      Category 2    0.170          340.000
    COUNSELO
      Category 1    0.540         1081.000
      Category 2    0.460          919.000
    PSYCH_FT
      Category 1    0.526         1050.000
      Category 2    0.474          947.000
    LAW_FTE
      Category 1    0.875         1749.000
      Category 2    0.126          251.000


RANDOM STARTS RESULTS RANKED FROM THE BEST TO THE WORST LOGLIKELIHOOD VALUES

Final stage loglikelihood values at local maxima, seeds, and initial stage start numbers:

           -5095.145  965994           396
           -5095.145  7886             804
           -5095.251  273992           349
           -5095.567  783110           72
           -5095.567  549244           756
           -5095.567  395754           388
           -5095.567  882750           646
           -5095.666  392766           331
           -5095.921  427006           839
           -5095.921  57226            208
           -5096.143  312754           562
           -5096.174  215353           164
           -5096.174  471398           74
           -5096.178  308582           752
           -5096.178  40340            188
           -5096.188  93468            3
           -5096.210  822698           621
           -5096.404  531546           702
           -5096.597  945065           255
           -5096.647  414284           158
           -5096.710  415502           194
           -5096.762  318230           46
           -5097.112  276102           599
           -5097.229  669634           335
           -5097.411  954914           911
           -5097.615  302046           863
           -5097.669  831410           567
           -5097.696  575700           100
           -5097.919  595619           779
           -5097.949  787985           482
           -5097.953  455410           999
           -5098.367  284109           82
           -5098.597  917702           693
           -5098.671  833196           715
           -5099.657  752769           253
           -5100.320  328661           813
           -5101.050  891347           504

163 perturbed starting value run(s) did not converge or were rejected in the third stage.



THE BEST LOGLIKELIHOOD VALUE HAS BEEN REPLICATED.  RERUN WITH AT LEAST TWICE THE
RANDOM STARTS TO CHECK THAT THE BEST LOGLIKELIHOOD IS STILL OBTAINED AND REPLICATED.

     IN THE OPTIMIZATION, ONE OR MORE LOGIT THRESHOLDS APPROACHED EXTREME VALUES
     OF -15.000 AND 15.000 AND WERE FIXED TO STABILIZE MODEL ESTIMATION.  THESE
     VALUES IMPLY PROBABILITIES OF 0 AND 1.  IN THE MODEL RESULTS SECTION, THESE
     PARAMETERS HAVE 0 STANDARD ERRORS AND 999 IN THE Z-SCORE AND P-VALUE COLUMNS.




THE MODEL ESTIMATION TERMINATED NORMALLY



MODEL FIT INFORMATION

Number of Free Parameters                       48

Loglikelihood

          H0 Value                       -5095.145
          H0 Scaling Correction Factor      1.0099
            for MLR

Information Criteria

          Akaike (AIC)                   10286.289
          Bayesian (BIC)                 10555.776
          Sample-Size Adjusted BIC       10403.277
            (n* = (n + 2) / 24)

Chi-Square Test of Model Fit for the Binary and Ordered Categorical
(Ordinal) Outcomes

          Pearson Chi-Square

          Value                             19.959
          Degrees of Freedom                    15
          P-Value                           0.1735

          Likelihood Ratio Chi-Square

          Value                             21.090
          Degrees of Freedom                    15
          P-Value                           0.1340

Chi-Square Test for MCAR under the Unrestricted Latent Class Indicator Model

          Pearson Chi-Square

          Value                             42.095
          Degrees of Freedom                    45
          P-Value                           0.5958

          Likelihood Ratio Chi-Square

          Value                             57.954
          Degrees of Freedom                    45
          P-Value                           0.0931



FINAL CLASS COUNTS AND PROPORTIONS FOR THE LATENT CLASSES
BASED ON THE ESTIMATED MODEL

    Latent
   Classes

       1         83.37642          0.04113
       2        337.91000          0.16670
       3         33.41519          0.01649
       4        599.27855          0.29565
       5         69.61857          0.03435
       6        485.35322          0.23944
       7        418.04806          0.20624


FINAL CLASS COUNTS AND PROPORTIONS FOR THE LATENT CLASSES
BASED ON ESTIMATED POSTERIOR PROBABILITIES

    Latent
   Classes

       1         83.37642          0.04113
       2        337.91000          0.16670
       3         33.41519          0.01649
       4        599.27855          0.29565
       5         69.61857          0.03435
       6        485.35322          0.23944
       7        418.04806          0.20624


FINAL CLASS COUNTS AND PROPORTIONS FOR THE LATENT CLASSES
BASED ON THEIR MOST LIKELY LATENT CLASS MEMBERSHIP

Class Counts and Proportions

    Latent
   Classes

       1               53          0.02615
       2              326          0.16083
       3               34          0.01677
       4              461          0.22743
       5               78          0.03848
       6              495          0.24420
       7              580          0.28614


CLASSIFICATION QUALITY

     Entropy                         0.774


Average Latent Class Probabilities for Most Likely Latent Class Membership (Row)
by Latent Class (Column)

           1        2        3        4        5        6        7

    1   0.898    0.035    0.000    0.000    0.037    0.023    0.008
    2   0.009    0.800    0.000    0.000    0.007    0.183    0.000
    3   0.000    0.002    0.814    0.000    0.175    0.009    0.000
    4   0.021    0.012    0.002    0.925    0.007    0.013    0.020
    5   0.194    0.004    0.034    0.049    0.718    0.000    0.001
    6   0.011    0.140    0.004    0.000    0.000    0.845    0.000
    7   0.004    0.000    0.000    0.291    0.000    0.000    0.704


Classification Probabilities for the Most Likely Latent Class Membership (Column)
by Latent Class (Row)

           1        2        3        4        5        6        7

    1   0.571    0.036    0.000    0.118    0.181    0.064    0.030
    2   0.005    0.772    0.000    0.016    0.001    0.205    0.000
    3   0.000    0.000    0.828    0.027    0.079    0.066    0.000
    4   0.000    0.000    0.000    0.712    0.006    0.000    0.282
    5   0.028    0.034    0.085    0.044    0.804    0.001    0.003
    6   0.002    0.123    0.001    0.013    0.000    0.861    0.000
    7   0.001    0.000    0.000    0.022    0.000    0.000    0.977


Logits for the Classification Probabilities for the Most Likely Latent Class Membership (Column)
by Latent Class (Row)

              1        2        3        4        5        6        7

    1      2.936    0.182  -10.319    1.357    1.789    0.743    0.000
    2      8.597   13.557    5.347    9.693    6.861   12.231    0.000
    3      0.000    0.000   13.627   10.196   11.276   11.098    0.000
    4    -12.549  -12.549  -12.549    0.926   -3.780  -12.549    0.000
    5      2.195    2.385    3.297    2.625    5.541   -0.814    0.000
    6      7.817   11.719    6.484    9.434    0.000   13.666    0.000
    7     -6.901  -13.792  -13.792   -3.790   -8.387  -13.792    0.000


MODEL RESULTS

                                                    Two-Tailed
                    Estimate       S.E.  Est./S.E.    P-Value

Latent Class 1

 Thresholds
    REPORT_D$1        -0.287      1.361     -0.211      0.833
    REPORT_R$1        -1.017      0.448     -2.273      0.023
    REPORT_S$1        -0.267      0.338     -0.792      0.429
    COUNSELO$1         0.186      0.346      0.537      0.591
    PSYCH_FT$1        -0.914      0.374     -2.445      0.014
    LAW_FTE$1         15.000      0.000    999.000    999.000

Latent Class 2

 Thresholds
    REPORT_D$1         3.675      0.476      7.716      0.000
    REPORT_R$1         3.479      0.626      5.556      0.000
    REPORT_S$1        15.000      0.000    999.000    999.000
    COUNSELO$1       -15.000      0.000    999.000    999.000
    PSYCH_FT$1         1.515      0.981      1.545      0.122
    LAW_FTE$1          3.105      0.738      4.209      0.000

Latent Class 3

 Thresholds
    REPORT_D$1        -0.444      0.825     -0.538      0.591
    REPORT_R$1        -1.685      0.718     -2.346      0.019
    REPORT_S$1        -1.300      0.537     -2.423      0.015
    COUNSELO$1        -1.022      0.460     -2.225      0.026
    PSYCH_FT$1        -2.192      0.753     -2.912      0.004
    LAW_FTE$1        -15.000      0.000    999.000    999.000

Latent Class 4

 Thresholds
    REPORT_D$1        15.000      0.000    999.000    999.000
    REPORT_R$1         2.748      0.334      8.223      0.000
    REPORT_S$1         2.159      0.187     11.571      0.000
    COUNSELO$1        15.000      0.000    999.000    999.000
    PSYCH_FT$1        -0.679      0.281     -2.412      0.016
    LAW_FTE$1          2.245      0.174     12.930      0.000

Latent Class 5

 Thresholds
    REPORT_D$1        15.000      0.000    999.000    999.000
    REPORT_R$1       -15.000      0.000    999.000    999.000
    REPORT_S$1        -2.035      1.460     -1.394      0.163
    COUNSELO$1        -0.598      0.493     -1.213      0.225
    PSYCH_FT$1        -0.097      0.522     -0.186      0.853
    LAW_FTE$1          1.241      0.617      2.012      0.044

Latent Class 6

 Thresholds
    REPORT_D$1         4.440      0.909      4.883      0.000
    REPORT_R$1        15.000      0.000    999.000    999.000
    REPORT_S$1         1.040      0.266      3.917      0.000
    COUNSELO$1       -15.000      0.000    999.000    999.000
    PSYCH_FT$1        -1.227      0.224     -5.476      0.000
    LAW_FTE$1          0.976      0.206      4.731      0.000

Latent Class 7

 Thresholds
    REPORT_D$1         4.713      0.663      7.107      0.000
    REPORT_R$1         5.047      2.116      2.385      0.017
    REPORT_S$1         3.044      0.404      7.540      0.000
    COUNSELO$1        15.000      0.000    999.000    999.000
    PSYCH_FT$1        15.000      0.000    999.000    999.000
    LAW_FTE$1         15.000      0.000    999.000    999.000

Categorical Latent Variables

 Means
    C#1               -1.612      0.588     -2.743      0.006
    C#2               -0.213      0.306     -0.695      0.487
    C#3               -2.527      0.363     -6.967      0.000
    C#4                0.360      0.231      1.561      0.118
    C#5               -1.793      0.508     -3.528      0.000
    C#6                0.149      0.221      0.675      0.500


QUALITY OF NUMERICAL RESULTS

     Condition Number for the Information Matrix              0.495E-03
       (ratio of smallest to largest eigenvalue)


RESULTS IN PROBABILITY SCALE

                                                    Two-Tailed
                    Estimate       S.E.  Est./S.E.    P-Value

Latent Class 1

 REPORT_DIS
    Category 1         0.429      0.333      1.287      0.198
    Category 2         0.571      0.333      1.714      0.087
 REPORT_RAC
    Category 1         0.266      0.087      3.042      0.002
    Category 2         0.734      0.087      8.414      0.000
 REPORT_SEX
    Category 1         0.434      0.083      5.225      0.000
    Category 2         0.566      0.083      6.827      0.000
 COUNSELORS
    Category 1         0.546      0.086      6.374      0.000
    Category 2         0.454      0.086      5.293      0.000
 PSYCH_FTE
    Category 1         0.286      0.076      3.749      0.000
    Category 2         0.714      0.076      9.347      0.000
 LAW_FTE
    Category 1         1.000      0.000      0.000      1.000
    Category 2         0.000      0.000      0.000      1.000

Latent Class 2

 REPORT_DIS
    Category 1         0.975      0.011     84.907      0.000
    Category 2         0.025      0.011      2.153      0.031
 REPORT_RAC
    Category 1         0.970      0.018     53.383      0.000
    Category 2         0.030      0.018      1.646      0.100
 REPORT_SEX
    Category 1         1.000      0.000      0.000      1.000
    Category 2         0.000      0.000      0.000      1.000
 COUNSELORS
    Category 1         0.000      0.000      0.000      1.000
    Category 2         1.000      0.000      0.000      1.000
 PSYCH_FTE
    Category 1         0.820      0.145      5.658      0.000
    Category 2         0.180      0.145      1.243      0.214
 LAW_FTE
    Category 1         0.957      0.030     31.594      0.000
    Category 2         0.043      0.030      1.416      0.157

Latent Class 3

 REPORT_DIS
    Category 1         0.391      0.196      1.989      0.047
    Category 2         0.609      0.196      3.100      0.002
 REPORT_RAC
    Category 1         0.156      0.095      1.650      0.099
    Category 2         0.844      0.095      8.899      0.000
 REPORT_SEX
    Category 1         0.214      0.090      2.371      0.018
    Category 2         0.786      0.090      8.702      0.000
 COUNSELORS
    Category 1         0.265      0.089      2.959      0.003
    Category 2         0.735      0.089      8.226      0.000
 PSYCH_FTE
    Category 1         0.100      0.068      1.477      0.140
    Category 2         0.900      0.068     13.224      0.000
 LAW_FTE
    Category 1         0.000      0.000      0.000      1.000
    Category 2         1.000      0.000      0.000      1.000

Latent Class 4

 REPORT_DIS
    Category 1         1.000      0.000      0.000      1.000
    Category 2         0.000      0.000      0.000      1.000
 REPORT_RAC
    Category 1         0.940      0.019     49.720      0.000
    Category 2         0.060      0.019      3.183      0.001
 REPORT_SEX
    Category 1         0.896      0.017     51.781      0.000
    Category 2         0.104      0.017      5.978      0.000
 COUNSELORS
    Category 1         1.000      0.000      0.000      1.000
    Category 2         0.000      0.000      0.000      1.000
 PSYCH_FTE
    Category 1         0.337      0.063      5.359      0.000
    Category 2         0.663      0.063     10.563      0.000
 LAW_FTE
    Category 1         0.904      0.015     60.133      0.000
    Category 2         0.096      0.015      6.369      0.000

Latent Class 5

 REPORT_DIS
    Category 1         1.000      0.000      0.000      1.000
    Category 2         0.000      0.000      0.000      1.000
 REPORT_RAC
    Category 1         0.000      0.000      0.000      1.000
    Category 2         1.000      0.000      0.000      1.000
 REPORT_SEX
    Category 1         0.116      0.149      0.775      0.438
    Category 2         0.884      0.149      5.926      0.000
 COUNSELORS
    Category 1         0.355      0.113      3.143      0.002
    Category 2         0.645      0.113      5.715      0.000
 PSYCH_FTE
    Category 1         0.476      0.130      3.653      0.000
    Category 2         0.524      0.130      4.025      0.000
 LAW_FTE
    Category 1         0.776      0.107      7.229      0.000
    Category 2         0.224      0.107      2.091      0.037

Latent Class 6

 REPORT_DIS
    Category 1         0.988      0.010     94.316      0.000
    Category 2         0.012      0.010      1.113      0.266
 REPORT_RAC
    Category 1         1.000      0.000      0.000      1.000
    Category 2         0.000      0.000      0.000      1.000
 REPORT_SEX
    Category 1         0.739      0.051     14.421      0.000
    Category 2         0.261      0.051      5.095      0.000
 COUNSELORS
    Category 1         0.000      0.000      0.000      1.000
    Category 2         1.000      0.000      0.000      1.000
 PSYCH_FTE
    Category 1         0.227      0.039      5.771      0.000
    Category 2         0.773      0.039     19.686      0.000
 LAW_FTE
    Category 1         0.726      0.041     17.708      0.000
    Category 2         0.274      0.041      6.671      0.000

Latent Class 7

 REPORT_DIS
    Category 1         0.991      0.006    169.510      0.000
    Category 2         0.009      0.006      1.521      0.128
 REPORT_RAC
    Category 1         0.994      0.013     73.975      0.000
    Category 2         0.006      0.013      0.476      0.634
 REPORT_SEX
    Category 1         0.955      0.018     54.476      0.000
    Category 2         0.045      0.018      2.595      0.009
 COUNSELORS
    Category 1         1.000      0.000      0.000      1.000
    Category 2         0.000      0.000      0.000      1.000
 PSYCH_FTE
    Category 1         1.000      0.000      0.000      1.000
    Category 2         0.000      0.000      0.000      1.000
 LAW_FTE
    Category 1         1.000      0.000      0.000      1.000
    Category 2         0.000      0.000      0.000      1.000


LATENT CLASS INDICATOR ODDS RATIOS FOR THE LATENT CLASSES

                                                95% C.I.
                    Estimate       S.E.  Lower 2.5% Upper 2.5%

Latent Class 1 Compared to Latent Class 2

 REPORT_D
    Category > 1      52.544     77.974      2.866    963.200
 REPORT_R
    Category > 1      89.698     68.908     19.900    404.302
 REPORT_S
    Category > 1   *********      0.000  *********  *********
 COUNSELO
    Category > 1       0.000      0.000      0.000      0.000
 PSYCH_FT
    Category > 1      11.347     12.490      1.312     98.135
 LAW_FTE
    Category > 1       0.000      0.000      0.000      0.000

Latent Class 1 Compared to Latent Class 3

 REPORT_D
    Category > 1       0.855      1.102      0.068     10.700
 REPORT_R
    Category > 1       0.513      0.402      0.110      2.386
 REPORT_S
    Category > 1       0.356      0.219      0.107      1.190
 COUNSELO
    Category > 1       0.299      0.162      0.103      0.863
 PSYCH_FT
    Category > 1       0.278      0.236      0.053      1.467
 LAW_FTE
    Category > 1       0.000      0.000      0.000      0.000

Latent Class 1 Compared to Latent Class 4

 REPORT_D
    Category > 1   *********      0.000  *********  *********
 REPORT_R
    Category > 1      43.202     25.487     13.593    137.302
 REPORT_S
    Category > 1      11.317      4.766      4.958     25.833
 COUNSELO
    Category > 1   *********      0.000  *********  *********
 PSYCH_FT
    Category > 1       1.265      0.585      0.511      3.133
 LAW_FTE
    Category > 1       0.000      0.000      0.000      0.000

Latent Class 1 Compared to Latent Class 5

 REPORT_D
    Category > 1   *********      0.000  *********  *********
 REPORT_R
    Category > 1       0.000      0.000      0.000      0.000
 REPORT_S
    Category > 1       0.171      0.252      0.009      3.089
 COUNSELO
    Category > 1       0.457      0.327      0.112      1.856
 PSYCH_FT
    Category > 1       2.263      1.639      0.547      9.359
 LAW_FTE
    Category > 1       0.000      0.000      0.000      0.000

Latent Class 1 Compared to Latent Class 6

 REPORT_D
    Category > 1     112.913    199.252      3.553   3587.946
 REPORT_R
    Category > 1   *********      0.000  *********  *********
 REPORT_S
    Category > 1       3.698      1.640      1.551      8.821
 COUNSELO
    Category > 1       0.000      0.000      0.000      0.000
 PSYCH_FT
    Category > 1       0.731      0.328      0.303      1.762
 LAW_FTE
    Category > 1       0.000      0.000      0.000      0.000

Latent Class 1 Compared to Latent Class 7

 REPORT_D
    Category > 1     148.450    227.660      7.348   2999.080
 REPORT_R
    Category > 1     430.301    917.991      6.574  28166.447
 REPORT_S
    Category > 1      27.429     14.390      9.809     76.696
 COUNSELO
    Category > 1   *********      0.000  *********  *********
 PSYCH_FT
    Category > 1   *********      0.000  *********  *********
 LAW_FTE
    Category > 1       1.000      0.000      1.000      1.000

Latent Class 2 Compared to Latent Class 3

 REPORT_D
    Category > 1       0.016      0.016      0.002      0.108
 REPORT_R
    Category > 1       0.006      0.006      0.001      0.038
 REPORT_S
    Category > 1       0.000      0.000      0.000      0.000
 COUNSELO
    Category > 1   *********      0.000  *********  *********
 PSYCH_FT
    Category > 1       0.025      0.030      0.002      0.271
 LAW_FTE
    Category > 1       0.000      0.000      0.000      0.000

Latent Class 2 Compared to Latent Class 4

 REPORT_D
    Category > 1   82887.469      0.000  82887.477  82887.477
 REPORT_R
    Category > 1       0.482      0.291      0.147      1.574
 REPORT_S
    Category > 1       0.000      0.000      0.000      0.000
 COUNSELO
    Category > 1   *********      0.000  *********  *********
 PSYCH_FT
    Category > 1       0.111      0.115      0.015      0.843
 LAW_FTE
    Category > 1       0.423      0.321      0.096      1.872

Latent Class 2 Compared to Latent Class 5

 REPORT_D
    Category > 1   82887.469      0.000  82887.477  82887.477
 REPORT_R
    Category > 1       0.000      0.000      0.000      0.000
 REPORT_S
    Category > 1       0.000      0.000      0.000      0.000
 COUNSELO
    Category > 1   *********      0.000  *********  *********
 PSYCH_FT
    Category > 1       0.199      0.199      0.028      1.407
 LAW_FTE
    Category > 1       0.155      0.152      0.023      1.057

Latent Class 2 Compared to Latent Class 6

 REPORT_D
    Category > 1       2.149      2.430      0.234     19.706
 REPORT_R
    Category > 1   *********      0.000  *********  *********
 REPORT_S
    Category > 1       0.000      0.000      0.000      0.000
 COUNSELO
    Category > 1       1.000      0.000      1.000      1.000
 PSYCH_FT
    Category > 1       0.064      0.064      0.009      0.455
 LAW_FTE
    Category > 1       0.119      0.091      0.027      0.530

Latent Class 2 Compared to Latent Class 7

 REPORT_D
    Category > 1       2.825      2.276      0.583     13.703
 REPORT_R
    Category > 1       4.797     10.580      0.064    361.694
 REPORT_S
    Category > 1       0.000      0.000      0.000      0.000
 COUNSELO
    Category > 1   *********      0.000  *********  *********
 PSYCH_FT
    Category > 1   *********      0.000  *********  *********
 LAW_FTE
    Category > 1   *********      0.000  *********  *********

Latent Class 3 Compared to Latent Class 4

 REPORT_D
    Category > 1   *********      0.000  *********  *********
 REPORT_R
    Category > 1      84.233     68.142     17.254    411.232
 REPORT_S
    Category > 1      31.783     18.316     10.272     98.344
 COUNSELO
    Category > 1   *********      0.000  *********  *********
 PSYCH_FT
    Category > 1       4.543      3.664      0.935     22.078
 LAW_FTE
    Category > 1   *********      0.000  *********  *********

Latent Class 3 Compared to Latent Class 5

 REPORT_D
    Category > 1   *********      0.000  *********  *********
 REPORT_R
    Category > 1       0.000      0.000      0.000      0.000
 REPORT_S
    Category > 1       0.480      0.789      0.019     12.039
 COUNSELO
    Category > 1       1.529      1.105      0.371      6.306
 PSYCH_FT
    Category > 1       8.127      7.334      1.386     47.653
 LAW_FTE
    Category > 1   *********      0.000  *********  *********

Latent Class 3 Compared to Latent Class 6

 REPORT_D
    Category > 1     132.086    174.963      9.847   1771.711
 REPORT_R
    Category > 1   *********      0.000  *********  *********
 REPORT_S
    Category > 1      10.387      6.463      3.068     35.169
 COUNSELO
    Category > 1       0.000      0.000      0.000      0.000
 PSYCH_FT
    Category > 1       2.625      2.073      0.558     12.340
 LAW_FTE
    Category > 1   *********      0.000  *********  *********

Latent Class 3 Compared to Latent Class 7

 REPORT_D
    Category > 1     173.657    188.461     20.697   1457.051
 REPORT_R
    Category > 1     838.982   1867.612     10.688  65856.906
 REPORT_S
    Category > 1      77.031     51.081     21.000    282.568
 COUNSELO
    Category > 1   *********      0.000  *********  *********
 PSYCH_FT
    Category > 1   *********      0.000  *********  *********
 LAW_FTE
    Category > 1   *********      0.000  *********  *********

Latent Class 4 Compared to Latent Class 5

 REPORT_D
    Category > 1       1.000      0.000      1.000      1.000
 REPORT_R
    Category > 1       0.000      0.000      0.000      0.000
 REPORT_S
    Category > 1       0.015      0.022      0.001      0.280
 COUNSELO
    Category > 1       0.000      0.000      0.000      0.000
 PSYCH_FT
    Category > 1       1.789      1.071      0.553      5.784
 LAW_FTE
    Category > 1       0.366      0.231      0.107      1.258

Latent Class 4 Compared to Latent Class 6

 REPORT_D
    Category > 1       0.000      0.000      0.000      0.000
 REPORT_R
    Category > 1   *********      0.000  *********  *********
 REPORT_S
    Category > 1       0.327      0.100      0.179      0.596
 COUNSELO
    Category > 1       0.000      0.000      0.000      0.000
 PSYCH_FT
    Category > 1       0.578      0.209      0.284      1.174
 LAW_FTE
    Category > 1       0.281      0.077      0.165      0.480

Latent Class 4 Compared to Latent Class 7

 REPORT_D
    Category > 1       0.000      0.000      0.000      0.000
 REPORT_R
    Category > 1       9.960     22.631      0.116    855.815
 REPORT_S
    Category > 1       2.424      1.217      0.906      6.485
 COUNSELO
    Category > 1       1.000      0.000      1.000      1.000
 PSYCH_FT
    Category > 1   *********      0.000  *********  *********
 LAW_FTE
    Category > 1   *********      0.000  *********  *********

Latent Class 5 Compared to Latent Class 6

 REPORT_D
    Category > 1       0.000      0.000      0.000      0.000
 REPORT_R
    Category > 1   *********      0.000  *********  *********
 REPORT_S
    Category > 1      21.650     31.172      1.288    363.958
 COUNSELO
    Category > 1       0.000      0.000      0.000      0.000
 PSYCH_FT
    Category > 1       0.323      0.183      0.106      0.981
 LAW_FTE
    Category > 1       0.768      0.496      0.216      2.726

Latent Class 5 Compared to Latent Class 7

 REPORT_D
    Category > 1       0.000      0.000      0.000      0.000
 REPORT_R
    Category > 1   *********      0.000  *********  *********
 REPORT_S
    Category > 1     160.562    245.813      7.989   3227.134
 COUNSELO
    Category > 1   *********      0.000  *********  *********
 PSYCH_FT
    Category > 1   *********      0.000  *********  *********
 LAW_FTE
    Category > 1   *********      0.000  *********  *********

Latent Class 6 Compared to Latent Class 7

 REPORT_D
    Category > 1       1.315      1.403      0.162     10.645
 REPORT_R
    Category > 1       0.000      0.000      0.000      0.000
 REPORT_S
    Category > 1       7.416      3.643      2.832     19.421
 COUNSELO
    Category > 1   *********      0.000  *********  *********
 PSYCH_FT
    Category > 1   *********      0.000  *********  *********
 LAW_FTE
    Category > 1   *********      0.000  *********  *********


TECHNICAL 11 OUTPUT

     Random Starts Specifications for the k-1 Class Analysis Model
        Number of initial stage random starts                1000
        Number of final stage optimizations                   200



     VUONG-LO-MENDELL-RUBIN LIKELIHOOD RATIO TEST FOR 6 (H0) VERSUS 7 CLASSES

          H0 Loglikelihood Value                        -5099.881
          2 Times the Loglikelihood Difference              9.472
          Difference in the Number of Parameters                7
          Mean                                              0.220
          Standard Deviation                                6.811
          P-Value                                          0.0520

     LO-MENDELL-RUBIN ADJUSTED LRT TEST

          Value                                             9.298
          P-Value                                          0.0551


TECHNICAL 14 OUTPUT

     Random Starts Specifications for the k-1 Class Analysis Model
        Number of initial stage random starts                1000
        Number of final stage optimizations                   200

     Random Starts Specification for the k-1 Class Model for Generated Data
        Number of initial stage random starts                   0
        Number of final stage optimizations for the
           initial stage random starts                          0
     Random Starts Specification for the k Class Model for Generated Data
        Number of initial stage random starts                  40
        Number of final stage optimizations                     8
     Number of bootstrap draws requested                   Varies


     PARAMETRIC BOOTSTRAPPED LIKELIHOOD RATIO TEST FOR 6 (H0) VERSUS 7 CLASSES

          H0 Loglikelihood Value                        -5099.881
          2 Times the Loglikelihood Difference              9.472
          Difference in the Number of Parameters                7
          Approximate P-Value                              0.5000
          Successful Bootstrap Draws                            6


PLOT INFORMATION

The following plots are available:

  Histograms (sample values)
  Scatterplots (sample values)
  Sample proportions and estimated probabilities

     Beginning Time:  15:18:54
        Ending Time:  15:18:57
       Elapsed Time:  00:00:03



MUTHEN & MUTHEN
3463 Stoner Ave.
Los Angeles, CA  90066

Tel: (310) 391-9971
Fax: (310) 391-8971
Web: www.StatModel.com
Support: Support@StatModel.com

Copyright (c) 1998-2021 Muthen & Muthen
